TN:
SF:src/aggregation-service.js
FN:13,createEmptyUserData
FN:25,applyTransaction
FN:53,createAggregationService
FN:62,updateCache
FN:105,getUserAggregatedData
FN:116,getAggregatedPayouts
FN:131,fetchTransactionsFromAPI
FNF:7
FNH:7
FNDA:7,createEmptyUserData
FNDA:6,applyTransaction
FNDA:6,createAggregationService
FNDA:10,updateCache
FNDA:8,getUserAggregatedData
FNDA:2,getAggregatedPayouts
FNDA:1,fetchTransactionsFromAPI
DA:1,1
DA:2,1
DA:3,1
DA:4,1
DA:5,1
DA:6,1
DA:7,1
DA:8,1
DA:9,1
DA:10,1
DA:11,1
DA:12,1
DA:13,1
DA:14,7
DA:15,7
DA:16,7
DA:17,7
DA:18,7
DA:19,7
DA:20,1
DA:21,1
DA:22,1
DA:23,1
DA:24,1
DA:25,1
DA:26,6
DA:27,6
DA:28,6
DA:29,6
DA:30,3
DA:31,3
DA:32,3
DA:33,6
DA:34,1
DA:35,1
DA:36,1
DA:37,6
DA:38,1
DA:39,1
DA:40,1
DA:41,6
DA:42,1
DA:43,1
DA:44,6
DA:45,6
DA:46,6
DA:47,6
DA:48,1
DA:49,1
DA:50,1
DA:51,1
DA:52,1
DA:53,1
DA:54,6
DA:55,6
DA:56,6
DA:57,6
DA:58,6
DA:59,6
DA:60,6
DA:61,6
DA:62,6
DA:63,10
DA:64,10
DA:65,10
DA:66,4
DA:67,4
DA:68,6
DA:69,6
DA:70,10
DA:71,10
DA:72,10
DA:73,10
DA:74,10
DA:75,10
DA:76,10
DA:77,0
DA:78,0
DA:79,6
DA:80,10
DA:81,10
DA:82,10
DA:83,8
DA:84,8
DA:85,8
DA:86,2
DA:87,8
DA:88,6
DA:89,8
DA:90,8
DA:91,8
DA:92,8
DA:93,8
DA:94,1
DA:95,1
DA:96,8
DA:97,6
DA:98,6
DA:99,6
DA:100,6
DA:101,6
DA:102,6
DA:103,6
DA:104,6
DA:105,6
DA:106,8
DA:107,8
DA:108,8
DA:109,8
DA:110,8
DA:111,6
DA:112,6
DA:113,6
DA:114,6
DA:115,6
DA:116,6
DA:117,2
DA:118,2
DA:119,2
DA:120,1
DA:121,1
DA:122,2
DA:123,2
DA:124,6
DA:125,6
DA:126,1
DA:127,1
DA:128,1
DA:129,1
DA:130,1
DA:131,1
DA:132,1
DA:133,1
DA:134,1
DA:135,1
DA:136,1
DA:137,1
DA:138,1
DA:139,1
DA:140,1
LF:140
LH:138
BRDA:13,0,0,7
BRDA:25,1,0,6
BRDA:29,2,0,3
BRDA:33,3,0,1
BRDA:37,4,0,1
BRDA:41,5,0,1
BRDA:53,6,0,6
BRDA:62,7,0,10
BRDA:65,8,0,4
BRDA:65,9,0,4
BRDA:67,10,0,6
BRDA:76,11,0,6
BRDA:76,12,0,0
BRDA:78,13,0,6
BRDA:80,14,0,0
BRDA:82,15,0,8
BRDA:85,16,0,7
BRDA:85,17,0,6
BRDA:85,18,0,2
BRDA:87,19,0,6
BRDA:89,20,0,4
BRDA:93,21,0,1
BRDA:96,22,0,6
BRDA:105,23,0,8
BRDA:106,24,0,0
BRDA:110,25,0,3
BRDA:116,26,0,2
BRDA:119,27,0,1
BRDA:131,28,0,1
BRF:29
BRH:26
end_of_record
TN:
SF:src/mock-api.js
FN:8,createMockTransactionAPI
FNF:1
FNH:1
FNDA:1,createMockTransactionAPI
DA:1,1
DA:2,1
DA:3,1
DA:4,1
DA:5,1
DA:6,1
DA:7,1
DA:8,1
DA:9,1
DA:10,1
DA:11,1
DA:12,1
DA:13,1
DA:14,1
DA:15,1
DA:16,1
DA:17,1
DA:18,1
DA:19,1
DA:20,1
DA:21,1
DA:22,1
DA:23,1
DA:24,1
DA:25,1
DA:26,10000
DA:27,10000
DA:28,10000
DA:29,10000
DA:30,10000
DA:31,10000
DA:32,10000
DA:33,10000
DA:34,10000
DA:35,3261
DA:36,6739
DA:37,10000
DA:38,10000
DA:39,1
DA:40,1
DA:41,1
DA:42,1
DA:43,1
DA:44,1
DA:45,1
DA:46,1
DA:47,1
DA:48,1
DA:49,1
DA:50,10000
DA:51,10000
DA:52,10000
DA:53,1
DA:54,1
DA:55,1
DA:56,1
DA:57,1
DA:58,1
DA:59,1
DA:60,1
DA:61,1
DA:62,1
DA:63,1
DA:64,1
DA:65,1
DA:66,1
DA:67,1
DA:68,1
DA:69,1
DA:70,1
DA:71,1
DA:72,1
DA:73,1
DA:74,1
LF:74
LH:74
BRDA:8,0,0,1
BRDA:25,1,0,10000
BRDA:35,2,0,3261
BRDA:36,3,0,6739
BRDA:40,4,0,1
BRDA:42,5,0,0
BRDA:43,6,0,0
BRDA:49,7,0,10000
BRDA:52,8,0,0
BRF:9
BRH:6
end_of_record
